<?xml version="1.0" encoding="UTF-8"?>
<testng-results skipped="0" failed="0" ignored="0" total="1" passed="1">
  <reporter-output>
  </reporter-output>
  <suite name="Default suite" duration-ms="41" started-at="2020-08-28T12:44:04 COT" finished-at="2020-08-28T12:44:04 COT">
    <groups>
    </groups>
    <test name="Default test" duration-ms="41" started-at="2020-08-28T12:44:04 COT" finished-at="2020-08-28T12:44:04 COT">
      <class name="TestNG.Example">
        <test-method status="PASS" signature="hello()[pri:0, instance:TestNG.Example@67b92f0a]" name="hello" duration-ms="7" started-at="2020-08-28T12:44:04 COT" finished-at="2020-08-28T12:44:04 COT">
          <reporter-output>
          </reporter-output>
        </test-method> <!-- hello -->
      </class> <!-- TestNG.Example -->
    </test> <!-- Default test -->
  </suite> <!-- Default suite -->
</testng-results>
